2025-04-09 17:10:14,903 - INFO - Starting Vesta sender loop ({settings.interval}-minute intervals)
2025-04-09 17:10:15,281 - INFO - HTTP Request: GET https://aviationweather.gov/api/data/taf?ids=EHGR&format=raw "HTTP/1.1 200 OK"
2025-04-09 17:10:15,281 - INFO - Vesta update successful: Success
2025-04-09 17:10:39,892 - INFO - Starting Vesta sender loop (5-minute intervals)
2025-04-09 17:10:40,186 - INFO - HTTP Request: GET https://aviationweather.gov/api/data/taf?ids=EHGR&format=raw "HTTP/1.1 200 OK"
2025-04-09 17:10:40,186 - INFO - Vesta update successful: Success
2025-04-09 17:11:10,880 - INFO - Starting Vesta sender loop (5-minute intervals)
2025-04-09 17:11:11,042 - INFO - HTTP Request: GET https://aviationweather.gov/api/data/taf?ids=EHGR&format=raw "HTTP/1.1 200 OK"
2025-04-09 17:11:11,043 - INFO - Vesta update successful: Success: {"components":[{"template": "1711 TAF EHGR 091231Z 0913/1001 01008KT CAVOK   BECMG 0921/0923 BKN018"}]}
2025-04-09 17:11:31,007 - INFO - Starting Vesta sender loop (5-minute intervals)
2025-04-09 17:11:31,245 - INFO - HTTP Request: GET https://aviationweather.gov/api/data/metar?ids=EHGR&format=raw "HTTP/1.1 200 OK"
2025-04-09 17:11:31,344 - INFO - HTTP Request: GET https://aviationweather.gov/api/data/metar?ids=EHGR&format=raw "HTTP/1.1 200 OK"
2025-04-09 17:11:31,445 - INFO - HTTP Request: GET https://aviationweather.gov/api/data/metar?ids=EHGR&format=raw "HTTP/1.1 200 OK"
2025-04-09 17:11:31,533 - INFO - HTTP Request: GET https://aviationweather.gov/api/data/metar?ids=EHGR&format=raw "HTTP/1.1 200 OK"
2025-04-09 17:11:31,629 - INFO - HTTP Request: GET https://aviationweather.gov/api/data/metar?ids=EHGR&format=raw "HTTP/1.1 200 OK"
2025-04-09 17:11:31,725 - INFO - HTTP Request: GET https://aviationweather.gov/api/data/metar?ids=EHGR&format=raw "HTTP/1.1 200 OK"
2025-04-09 17:11:31,829 - INFO - HTTP Request: GET https://aviationweather.gov/api/data/metar?ids=EHGR&format=raw "HTTP/1.1 200 OK"
2025-04-09 17:11:31,924 - INFO - HTTP Request: GET https://aviationweather.gov/api/data/metar?ids=EHGR&format=raw "HTTP/1.1 200 OK"
2025-04-09 17:11:31,924 - INFO - Vesta update successful: Success: {"components":[{"template": "MET VFR{69}{69}{69}{66} MIL{67}JT1711\nEHGR 091455Z AUTO 36012KT 290V060 9999 NCD 13/05 Q1026 BLU"}]}
2025-04-09 17:13:27,964 - INFO - HTTP Request: GET https://aviationweather.gov/api/data/metar?ids=EHGR&format=raw "HTTP/1.1 200 OK"
2025-04-09 17:13:27,965 - INFO - Starting Vesta sender loop (5-minute intervals)
2025-04-09 17:13:27,965 - INFO - Vesta update successful: Success: {"components":[{"template": "MET VFR{69}{69}{69}{66} MIL{67}JT1713\nEHGR 091455Z AUTO 36012KT 290V060 9999 NCD 13/05 Q1026 BLU"}]}
2025-04-09 17:14:18,920 - INFO - Shutting down gracefully...
2025-04-09 17:15:26,342 - INFO - HTTP Request: GET https://aviationweather.gov/api/data/metar?ids=EHGR&format=raw "HTTP/1.1 200 OK"
2025-04-09 17:15:26,343 - INFO - Starting Metarboard loop (5-minute intervals)
2025-04-09 17:15:26,343 - ERROR - Metarboard update failed: 'ReadWriteClient' object has no attribute 'write'
Traceback (most recent call last):
  File "/media/Data/source/Metarboard/main.py", line 168, in main_loop
    result = send_to_vesta()
  File "/media/Data/source/Metarboard/main.py", line 158, in send_to_vesta
    rw_client.write(template)
    ^^^^^^^^^^^^^^^
AttributeError: 'ReadWriteClient' object has no attribute 'write'
2025-04-09 17:15:38,336 - INFO - Shutting down gracefully...
2025-04-09 17:16:16,461 - INFO - HTTP Request: GET https://aviationweather.gov/api/data/metar?ids=EHGR&format=raw "HTTP/1.1 200 OK"
2025-04-09 17:16:16,462 - INFO - Starting Metarboard loop (5-minute intervals)
2025-04-09 17:16:16,466 - ERROR - Metarboard update failed: 'ReadWriteClient' object has no attribute 'write'
Traceback (most recent call last):
  File "/media/Data/source/Metarboard/main.py", line 167, in main_loop
    result = send_to_vesta()
  File "/media/Data/source/Metarboard/main.py", line 157, in send_to_vesta
    rw_client.write(template)
    ^^^^^^^^^^^^^^^
AttributeError: 'ReadWriteClient' object has no attribute 'write'
2025-04-09 17:16:18,612 - INFO - Shutting down gracefully...
2025-04-09 17:16:51,549 - INFO - HTTP Request: GET https://aviationweather.gov/api/data/metar?ids=EHGR&format=raw "HTTP/1.1 200 OK"
2025-04-09 17:16:51,550 - INFO - Starting Metarboard loop (5-minute intervals)
2025-04-09 17:16:52,244 - INFO - HTTP Request: POST https://rw.vestaboard.com/ "HTTP/1.1 403 Forbidden"
2025-04-09 17:16:52,245 - ERROR - Metarboard update failed: Client error '403 Forbidden' for url 'https://rw.vestaboard.com/'
For more information check: https://developer.mozilla.org/en-US/docs/Web/HTTP/Status/403
Traceback (most recent call last):
  File "/media/Data/source/Metarboard/main.py", line 167, in main_loop
    result = send_to_vesta()
  File "/media/Data/source/Metarboard/main.py", line 157, in send_to_vesta
    rw_client.write_message(template)
    ~~~~~~~~~~~~~~~~~~~~~~~^^^^^^^^^^
  File "/media/Data/source/Metarboard/.venv/lib/python3.13/site-packages/vesta/clients.py", line 294, in write_message
    r.raise_for_status()
    ~~~~~~~~~~~~~~~~~~^^
  File "/media/Data/source/Metarboard/.venv/lib/python3.13/site-packages/httpx/_models.py", line 829, in raise_for_status
    raise HTTPStatusError(message, request=request, response=self)
httpx.HTTPStatusError: Client error '403 Forbidden' for url 'https://rw.vestaboard.com/'
For more information check: https://developer.mozilla.org/en-US/docs/Web/HTTP/Status/403
2025-04-09 17:17:10,335 - INFO - Shutting down gracefully...
